2026-03-09/03:45:03Z | DEBUG | proactor_events.py:633 | Using proactor: IocpProactor
2026-03-09/03:45:03Z | DEBUG | proactor_events.py:633 | Using proactor: IocpProactor
2026-03-09/03:45:43Z | DEBUG | proactor_events.py:633 | Using proactor: IocpProactor
2026-03-09/03:45:43Z | DEBUG | proactor_events.py:633 | Using proactor: IocpProactor
2026-03-09/03:45:43Z | DEBUG | functional.py:335 | 
def rsave_log(data):
    return 1

2026-03-09/03:45:43Z | DEBUG | functional.py:335 | 
def save_log(data):
    return 1

2026-03-09/03:45:43Z | INFO | main.py:22 | Lifespan startup: Initializing DB...
2026-03-09/03:45:43Z | INFO | main.py:24 | Lifespan startup: DB Initialized.
2026-03-09/03:46:04Z | ERROR | admin.py:26 | Failed to parse model User-users: Expecting value: line 1 column 1 (char 0)
2026-03-09/03:46:04Z | ERROR | admin.py:26 | Failed to parse model Group-groups: Expecting value: line 1 column 1 (char 0)
2026-03-09/03:46:11Z | ERROR | admin.py:26 | Failed to parse model User-users: Expecting value: line 1 column 1 (char 0)
2026-03-09/03:46:11Z | ERROR | admin.py:26 | Failed to parse model Group-groups: Expecting value: line 1 column 1 (char 0)
2026-03-09/03:46:11Z | ERROR | admin.py:26 | Failed to parse model User-users: Expecting value: line 1 column 1 (char 0)
2026-03-09/03:46:11Z | ERROR | admin.py:26 | Failed to parse model Group-groups: Expecting value: line 1 column 1 (char 0)
2026-03-09/03:46:12Z | ERROR | admin.py:26 | Failed to parse model User-users: Expecting value: line 1 column 1 (char 0)
2026-03-09/03:46:12Z | ERROR | admin.py:26 | Failed to parse model Group-groups: Expecting value: line 1 column 1 (char 0)
2026-03-09/03:46:12Z | ERROR | admin.py:26 | Failed to parse model User-users: Expecting value: line 1 column 1 (char 0)
2026-03-09/03:46:12Z | ERROR | admin.py:26 | Failed to parse model Group-groups: Expecting value: line 1 column 1 (char 0)
2026-03-09/03:46:12Z | ERROR | admin.py:26 | Failed to parse model User-users: Expecting value: line 1 column 1 (char 0)
2026-03-09/03:46:12Z | ERROR | admin.py:26 | Failed to parse model Group-groups: Expecting value: line 1 column 1 (char 0)
2026-03-09/03:46:12Z | ERROR | admin.py:26 | Failed to parse model User-users: Expecting value: line 1 column 1 (char 0)
2026-03-09/03:46:12Z | ERROR | admin.py:26 | Failed to parse model Group-groups: Expecting value: line 1 column 1 (char 0)
2026-03-09/03:46:12Z | ERROR | admin.py:26 | Failed to parse model User-users: Expecting value: line 1 column 1 (char 0)
2026-03-09/03:46:12Z | ERROR | admin.py:26 | Failed to parse model Group-groups: Expecting value: line 1 column 1 (char 0)
2026-03-09/03:49:01Z | INFO | main.py:27 | Lifespan shutdown: Closing DB...
2026-03-09/03:49:01Z | INFO | main.py:29 | Lifespan shutdown: DB Closed.
2026-03-09/03:49:07Z | DEBUG | proactor_events.py:633 | Using proactor: IocpProactor
2026-03-09/03:49:07Z | DEBUG | proactor_events.py:633 | Using proactor: IocpProactor
2026-03-09/03:49:07Z | DEBUG | functional.py:335 | 
def rsave_log(data):
    return 1

2026-03-09/03:49:07Z | DEBUG | functional.py:335 | 
def save_log(data):
    return 1

2026-03-09/03:49:06Z | INFO | main.py:22 | Lifespan startup: Initializing DB...
2026-03-09/03:49:07Z | INFO | main.py:24 | Lifespan startup: DB Initialized.
2026-03-09/03:49:26Z | ERROR | admin.py:26 | Failed to parse model User-users: Expecting value: line 1 column 1 (char 0)
2026-03-09/03:53:06Z | INFO | main.py:27 | Lifespan shutdown: Closing DB...
2026-03-09/03:53:06Z | INFO | main.py:29 | Lifespan shutdown: DB Closed.
2026-03-09/03:53:06Z | DEBUG | proactor_events.py:633 | Using proactor: IocpProactor
2026-03-09/03:53:06Z | DEBUG | proactor_events.py:633 | Using proactor: IocpProactor
2026-03-09/03:53:06Z | DEBUG | functional.py:335 | 
def rsave_log(data):
    return 1

2026-03-09/03:53:07Z | DEBUG | functional.py:335 | 
def save_log(data):
    return 1

2026-03-09/03:53:06Z | INFO | main.py:22 | Lifespan startup: Initializing DB...
2026-03-09/03:53:07Z | INFO | main.py:24 | Lifespan startup: DB Initialized.
2026-03-09/03:53:19Z | INFO | main.py:27 | Lifespan shutdown: Closing DB...
2026-03-09/03:53:19Z | INFO | main.py:29 | Lifespan shutdown: DB Closed.
2026-03-09/03:53:20Z | DEBUG | proactor_events.py:633 | Using proactor: IocpProactor
2026-03-09/03:53:20Z | DEBUG | proactor_events.py:633 | Using proactor: IocpProactor
2026-03-09/03:53:20Z | DEBUG | functional.py:335 | 
def rsave_log(data):
    return 1

2026-03-09/03:53:20Z | DEBUG | functional.py:335 | 
def save_log(data):
    return 1

2026-03-09/03:53:20Z | INFO | main.py:22 | Lifespan startup: Initializing DB...
2026-03-09/03:53:20Z | INFO | main.py:24 | Lifespan startup: DB Initialized.
2026-03-09/03:56:30Z | INFO | main.py:27 | Lifespan shutdown: Closing DB...
2026-03-09/03:56:30Z | INFO | main.py:29 | Lifespan shutdown: DB Closed.
2026-03-09/03:56:30Z | DEBUG | proactor_events.py:633 | Using proactor: IocpProactor
2026-03-09/03:56:30Z | DEBUG | proactor_events.py:633 | Using proactor: IocpProactor
2026-03-09/03:56:30Z | DEBUG | functional.py:335 | 
def rsave_log(data):
    return 1

2026-03-09/03:56:30Z | DEBUG | functional.py:335 | 
def save_log(data):
    return 1

2026-03-09/03:56:30Z | INFO | main.py:22 | Lifespan startup: Initializing DB...
2026-03-09/03:56:31Z | INFO | main.py:24 | Lifespan startup: DB Initialized.
2026-03-09/03:56:41Z | INFO | main.py:27 | Lifespan shutdown: Closing DB...
2026-03-09/03:56:41Z | INFO | main.py:29 | Lifespan shutdown: DB Closed.
2026-03-09/03:56:42Z | DEBUG | proactor_events.py:633 | Using proactor: IocpProactor
2026-03-09/03:56:42Z | DEBUG | proactor_events.py:633 | Using proactor: IocpProactor
2026-03-09/03:56:42Z | DEBUG | functional.py:335 | 
def rsave_log(data):
    return 1

2026-03-09/03:56:42Z | DEBUG | functional.py:335 | 
def save_log(data):
    return 1

2026-03-09/03:56:41Z | INFO | main.py:22 | Lifespan startup: Initializing DB...
2026-03-09/03:56:42Z | INFO | main.py:24 | Lifespan startup: DB Initialized.
2026-03-09/04:07:25Z | INFO | main.py:27 | Lifespan shutdown: Closing DB...
2026-03-09/04:07:25Z | INFO | main.py:29 | Lifespan shutdown: DB Closed.
2026-03-09/04:07:25Z | DEBUG | functional.py:335 | 
def rsave_log(data):
    return 1

2026-03-09/04:07:25Z | DEBUG | functional.py:335 | 
def save_log(data):
    return 1

2026-03-09/04:07:25Z | INFO | main.py:22 | Lifespan startup: Initializing DB...
2026-03-09/04:07:25Z | INFO | main.py:24 | Lifespan startup: DB Initialized.
2026-03-09/04:07:38Z | INFO | main.py:27 | Lifespan shutdown: Closing DB...
2026-03-09/04:07:38Z | INFO | main.py:29 | Lifespan shutdown: DB Closed.
2026-03-09/04:07:38Z | DEBUG | functional.py:335 | 
def rsave_log(data):
    return 1

2026-03-09/04:07:38Z | DEBUG | functional.py:335 | 
def save_log(data):
    return 1

2026-03-09/04:07:38Z | INFO | main.py:23 | Lifespan startup: Initializing DB...
2026-03-09/04:07:39Z | INFO | main.py:25 | Lifespan startup: DB Initialized.
2026-03-09/04:07:47Z | INFO | main.py:28 | Lifespan shutdown: Closing DB...
2026-03-09/04:07:47Z | INFO | main.py:30 | Lifespan shutdown: DB Closed.
2026-03-09/04:07:48Z | DEBUG | functional.py:335 | 
def rsave_log(data):
    return 1

2026-03-09/04:07:48Z | DEBUG | functional.py:335 | 
def save_log(data):
    return 1

2026-03-09/04:07:48Z | INFO | main.py:23 | Lifespan startup: Initializing DB...
2026-03-09/04:07:48Z | INFO | main.py:25 | Lifespan startup: DB Initialized.
2026-03-09/04:16:34Z | INFO | main.py:29 | Lifespan shutdown: Closing DB...
2026-03-09/04:16:34Z | INFO | main.py:31 | Lifespan shutdown: DB Closed.
2026-03-09/04:16:34Z | DEBUG | functional.py:335 | 
def rsave_log(data):
    return 1

2026-03-09/04:16:34Z | DEBUG | functional.py:335 | 
def save_log(data):
    return 1

2026-03-09/04:16:34Z | INFO | main.py:23 | Lifespan startup: Initializing DB...
2026-03-09/04:16:35Z | INFO | main.py:25 | Lifespan startup: DB Initialized.
2026-03-09/04:16:38Z | INFO | main.py:29 | Lifespan shutdown: Closing DB...
2026-03-09/04:16:38Z | INFO | main.py:31 | Lifespan shutdown: DB Closed.
2026-03-09/04:16:41Z | DEBUG | functional.py:335 | 
def rsave_log(data):
    return 1

2026-03-09/04:16:41Z | DEBUG | functional.py:335 | 
def save_log(data):
    return 1

2026-03-09/04:16:41Z | INFO | main.py:23 | Lifespan startup: Initializing DB...
2026-03-09/04:16:41Z | INFO | main.py:25 | Lifespan startup: DB Initialized.
2026-03-09/04:17:46Z | INFO | main.py:29 | Lifespan shutdown: Closing DB...
2026-03-09/04:17:46Z | INFO | main.py:31 | Lifespan shutdown: DB Closed.
2026-03-09/04:17:46Z | DEBUG | functional.py:335 | 
def rsave_log(data):
    return 1

2026-03-09/04:17:47Z | DEBUG | functional.py:335 | 
def save_log(data):
    return 1

2026-03-09/04:17:46Z | INFO | main.py:23 | Lifespan startup: Initializing DB...
2026-03-09/04:17:47Z | INFO | main.py:25 | Lifespan startup: DB Initialized.
2026-03-09/04:18:02Z | INFO | main.py:53 | Log make
2026-03-09/04:18:48Z | INFO | main.py:29 | Lifespan shutdown: Closing DB...
2026-03-09/04:18:48Z | INFO | main.py:31 | Lifespan shutdown: DB Closed.
2026-03-09/04:18:49Z | DEBUG | functional.py:335 | 
def rsave_log(data):
    return 1

2026-03-09/04:18:49Z | DEBUG | functional.py:335 | 
def save_log(data):
    return 1

2026-03-09/04:18:49Z | INFO | main.py:23 | Lifespan startup: Initializing DB...
2026-03-09/04:18:49Z | INFO | main.py:25 | Lifespan startup: DB Initialized.
2026-03-09/04:18:59Z | INFO | main.py:53 | Log make
2026-03-09/04:21:28Z | INFO | main.py:29 | Lifespan shutdown: Closing DB...
2026-03-09/04:21:28Z | INFO | main.py:31 | Lifespan shutdown: DB Closed.
2026-03-09/04:21:29Z | DEBUG | functional.py:335 | 
def rsave_log(data):
    return 1

2026-03-09/04:21:29Z | DEBUG | functional.py:335 | 
def save_log(data):
    return 1

2026-03-09/04:21:29Z | INFO | main.py:23 | Lifespan startup: Initializing DB...
2026-03-09/04:21:29Z | INFO | main.py:25 | Lifespan startup: DB Initialized.
2026-03-09/04:21:57Z | INFO | main.py:29 | Lifespan shutdown: Closing DB...
2026-03-09/04:21:57Z | INFO | main.py:31 | Lifespan shutdown: DB Closed.
2026-03-09/04:21:58Z | DEBUG | functional.py:335 | 
def rsave_log(data):
    return 1

2026-03-09/04:21:58Z | DEBUG | functional.py:335 | 
def save_log(data):
    return 1

2026-03-09/04:21:58Z | INFO | main.py:23 | Lifespan startup: Initializing DB...
2026-03-09/04:21:58Z | INFO | main.py:25 | Lifespan startup: DB Initialized.
2026-03-09/04:22:00Z | INFO | main.py:53 | Log make
2026-03-09/04:27:01Z | INFO | main.py:29 | Lifespan shutdown: Closing DB...
2026-03-09/04:27:01Z | INFO | main.py:31 | Lifespan shutdown: DB Closed.
2026-03-09/04:27:01Z | DEBUG | functional.py:335 | 
def rsave_log(data):
    return 1

2026-03-09/04:27:01Z | DEBUG | functional.py:335 | 
def save_log(data):
    return 1

2026-03-09/04:27:01Z | INFO | main.py:23 | Lifespan startup: Initializing DB...
2026-03-09/04:27:02Z | INFO | main.py:25 | Lifespan startup: DB Initialized.
2026-03-09/04:27:08Z | INFO | main.py:53 | Log make
2026-03-09/04:34:26Z | INFO | main.py:29 | Lifespan shutdown: Closing DB...
2026-03-09/04:34:26Z | INFO | main.py:31 | Lifespan shutdown: DB Closed.
2026-03-09/04:34:27Z | DEBUG | functional.py:335 | 
def rsave_log(data):
    return 1

2026-03-09/04:34:27Z | DEBUG | functional.py:335 | 
def save_log(data):
    return 1

2026-03-09/04:34:27Z | INFO | main.py:23 | Lifespan startup: Initializing DB...
2026-03-09/04:34:27Z | INFO | main.py:25 | Lifespan startup: DB Initialized.
2026-03-09/04:37:17Z | INFO | main.py:29 | Lifespan shutdown: Closing DB...
2026-03-09/04:37:17Z | INFO | main.py:31 | Lifespan shutdown: DB Closed.
2026-03-09/04:37:18Z | DEBUG | functional.py:335 | 
def rsave_log(data):
    return 1

2026-03-09/04:37:18Z | DEBUG | functional.py:335 | 
def save_log(data):
    return 1

2026-03-09/04:37:17Z | INFO | main.py:23 | Lifespan startup: Initializing DB...
2026-03-09/04:37:18Z | INFO | main.py:25 | Lifespan startup: DB Initialized.
2026-03-09/04:37:22Z | INFO | main.py:29 | Lifespan shutdown: Closing DB...
2026-03-09/04:37:22Z | INFO | main.py:31 | Lifespan shutdown: DB Closed.
2026-03-09/04:37:23Z | DEBUG | functional.py:335 | 
def rsave_log(data):
    return 1

2026-03-09/04:37:23Z | DEBUG | functional.py:335 | 
def save_log(data):
    return 1

2026-03-09/04:37:23Z | INFO | main.py:23 | Lifespan startup: Initializing DB...
2026-03-09/04:37:23Z | INFO | main.py:25 | Lifespan startup: DB Initialized.
2026-03-09/04:40:45Z | INFO | main.py:29 | Lifespan shutdown: Closing DB...
2026-03-09/04:40:45Z | INFO | main.py:31 | Lifespan shutdown: DB Closed.
2026-03-09/04:40:46Z | DEBUG | functional.py:335 | 
def rsave_log(data):
    return 1

2026-03-09/04:40:46Z | DEBUG | functional.py:335 | 
def save_log(data):
    return 1

2026-03-09/04:40:46Z | INFO | main.py:23 | Lifespan startup: Initializing DB...
2026-03-09/04:40:46Z | INFO | main.py:25 | Lifespan startup: DB Initialized.
2026-03-09/04:40:52Z | INFO | main.py:29 | Lifespan shutdown: Closing DB...
2026-03-09/04:40:52Z | INFO | main.py:31 | Lifespan shutdown: DB Closed.
2026-03-09/04:40:52Z | DEBUG | functional.py:335 | 
def rsave_log(data):
    return 1

2026-03-09/04:40:52Z | DEBUG | functional.py:335 | 
def save_log(data):
    return 1

2026-03-09/04:40:52Z | INFO | main.py:23 | Lifespan startup: Initializing DB...
2026-03-09/04:40:53Z | INFO | main.py:25 | Lifespan startup: DB Initialized.
2026-03-09/04:41:14Z | INFO | main.py:29 | Lifespan shutdown: Closing DB...
2026-03-09/04:41:14Z | INFO | main.py:31 | Lifespan shutdown: DB Closed.
2026-03-09/04:41:15Z | DEBUG | functional.py:335 | 
def rsave_log(data):
    return 1

2026-03-09/04:41:15Z | DEBUG | functional.py:335 | 
def save_log(data):
    return 1

2026-03-09/04:41:15Z | INFO | main.py:23 | Lifespan startup: Initializing DB...
2026-03-09/04:41:15Z | INFO | main.py:25 | Lifespan startup: DB Initialized.
2026-03-09/04:41:25Z | INFO | main.py:53 | Log make
2026-03-09/04:48:50Z | INFO | main.py:29 | Lifespan shutdown: Closing DB...
2026-03-09/04:48:50Z | INFO | main.py:31 | Lifespan shutdown: DB Closed.
2026-03-09/04:48:51Z | DEBUG | functional.py:335 | 
def rsave_log(data):
    return 1

2026-03-09/04:48:51Z | DEBUG | functional.py:335 | 
def save_log(data):
    return 1

2026-03-09/04:48:51Z | INFO | main.py:23 | Lifespan startup: Initializing DB...
2026-03-09/04:48:51Z | INFO | main.py:25 | Lifespan startup: DB Initialized.
2026-03-09/04:55:20Z | INFO | main.py:29 | Lifespan shutdown: Closing DB...
2026-03-09/04:55:20Z | INFO | main.py:31 | Lifespan shutdown: DB Closed.
2026-03-09/04:55:21Z | DEBUG | functional.py:335 | 
def rsave_log(data):
    return 1

2026-03-09/04:55:21Z | DEBUG | functional.py:335 | 
def save_log(data):
    return 1

2026-03-09/04:55:21Z | INFO | main.py:23 | Lifespan startup: Initializing DB...
2026-03-09/04:55:21Z | INFO | main.py:25 | Lifespan startup: DB Initialized.
2026-03-09/04:56:35Z | INFO | main.py:53 | Log make
2026-03-09/04:57:19Z | INFO | main.py:29 | Lifespan shutdown: Closing DB...
2026-03-09/04:57:19Z | INFO | main.py:31 | Lifespan shutdown: DB Closed.
2026-03-09/04:57:20Z | DEBUG | functional.py:335 | 
def rsave_log(data):
    return 1

2026-03-09/04:57:20Z | DEBUG | functional.py:335 | 
def save_log(data):
    return 1

2026-03-09/04:57:19Z | INFO | main.py:23 | Lifespan startup: Initializing DB...
2026-03-09/04:57:20Z | INFO | main.py:25 | Lifespan startup: DB Initialized.
2026-03-09/05:04:44Z | INFO | main.py:29 | Lifespan shutdown: Closing DB...
2026-03-09/05:04:44Z | INFO | main.py:31 | Lifespan shutdown: DB Closed.
2026-03-09/05:04:45Z | DEBUG | functional.py:335 | 
def rsave_log(data):
    return 1

2026-03-09/05:04:45Z | DEBUG | functional.py:335 | 
def save_log(data):
    return 1

2026-03-09/05:04:45Z | INFO | main.py:23 | Lifespan startup: Initializing DB...
2026-03-09/05:04:45Z | INFO | main.py:25 | Lifespan startup: DB Initialized.
2026-03-09/05:04:50Z | INFO | main.py:29 | Lifespan shutdown: Closing DB...
2026-03-09/05:04:50Z | INFO | main.py:31 | Lifespan shutdown: DB Closed.
2026-03-09/05:04:51Z | DEBUG | functional.py:335 | 
def rsave_log(data):
    return 1

2026-03-09/05:04:51Z | DEBUG | functional.py:335 | 
def save_log(data):
    return 1

2026-03-09/05:04:51Z | INFO | main.py:23 | Lifespan startup: Initializing DB...
2026-03-09/05:04:51Z | INFO | main.py:25 | Lifespan startup: DB Initialized.
2026-03-09/05:04:52Z | DEBUG | functional.py:335 | 
def rsave_log(data):
    return 1

2026-03-09/05:04:52Z | DEBUG | functional.py:335 | 
def save_log(data):
    return 1

2026-03-09/05:04:52Z | INFO | main.py:23 | Lifespan startup: Initializing DB...
2026-03-09/05:04:52Z | INFO | main.py:25 | Lifespan startup: DB Initialized.
2026-03-09/05:05:42Z | INFO | main.py:29 | Lifespan shutdown: Closing DB...
2026-03-09/05:05:42Z | INFO | main.py:31 | Lifespan shutdown: DB Closed.
2026-03-09/05:05:43Z | DEBUG | functional.py:335 | 
def rsave_log(data):
    return 1

2026-03-09/05:05:43Z | DEBUG | functional.py:335 | 
def save_log(data):
    return 1

2026-03-09/05:05:43Z | INFO | main.py:23 | Lifespan startup: Initializing DB...
2026-03-09/05:05:43Z | INFO | main.py:25 | Lifespan startup: DB Initialized.
2026-03-09/05:05:47Z | INFO | main.py:29 | Lifespan shutdown: Closing DB...
2026-03-09/05:05:47Z | INFO | main.py:31 | Lifespan shutdown: DB Closed.
2026-03-09/05:05:48Z | DEBUG | functional.py:335 | 
def rsave_log(data):
    return 1

2026-03-09/05:05:48Z | DEBUG | functional.py:335 | 
def save_log(data):
    return 1

2026-03-09/05:05:48Z | INFO | main.py:23 | Lifespan startup: Initializing DB...
2026-03-09/05:05:48Z | INFO | main.py:25 | Lifespan startup: DB Initialized.
2026-03-09/05:06:01Z | DEBUG | functional.py:335 | 
def accumulate(self, *args, **kwargs):
    return 1

2026-03-09/05:06:01Z | DEBUG | functional.py:335 | 
def xstarmap(task, it):
    return 1

2026-03-09/05:06:01Z | DEBUG | functional.py:335 | 
def chain(*args, **kwargs):
    return 1

2026-03-09/05:06:01Z | DEBUG | functional.py:335 | 
def rsave_log(data):
    return 1

2026-03-09/05:06:01Z | DEBUG | functional.py:335 | 
def unlock_chord(self, group_id, callback, interval=0, max_retries=1, result=2, Result=3, GroupResult=4, result_from_tuple=5, **kwargs):
    return 1

2026-03-09/05:06:01Z | DEBUG | functional.py:335 | 
def chunks(task, it, n):
    return 1

2026-03-09/05:06:01Z | DEBUG | functional.py:335 | 
def chord(self, header, body, partial_args=0, interval=1, countdown=2, max_retries=3, eager=4, **kwargs):
    return 1

2026-03-09/05:06:01Z | DEBUG | functional.py:335 | 
def save_log(data):
    return 1

2026-03-09/05:06:01Z | DEBUG | functional.py:335 | 
def backend_cleanup():
    return 1

2026-03-09/05:06:01Z | DEBUG | functional.py:335 | 
def xmap(task, it):
    return 1

2026-03-09/05:06:01Z | DEBUG | functional.py:335 | 
def group(self, tasks, result, group_id, partial_args, add_to_parent=0):
    return 1

2026-03-09/05:06:29Z | INFO | main.py:53 | Log make
2026-03-09/05:15:21Z | INFO | main.py:29 | Lifespan shutdown: Closing DB...
2026-03-09/05:15:21Z | INFO | main.py:31 | Lifespan shutdown: DB Closed.
2026-03-09/05:15:21Z | DEBUG | functional.py:335 | 
def rsave_log(data):
    return 1

2026-03-09/05:15:21Z | DEBUG | functional.py:335 | 
def save_log(data):
    return 1

2026-03-09/05:15:21Z | INFO | main.py:23 | Lifespan startup: Initializing DB...
2026-03-09/05:15:22Z | INFO | main.py:25 | Lifespan startup: DB Initialized.
2026-03-09/05:15:30Z | INFO | main.py:29 | Lifespan shutdown: Closing DB...
2026-03-09/05:15:30Z | INFO | main.py:31 | Lifespan shutdown: DB Closed.
2026-03-09/05:15:31Z | DEBUG | functional.py:335 | 
def rsave_log(data):
    return 1

2026-03-09/05:15:31Z | DEBUG | functional.py:335 | 
def save_log(data):
    return 1

2026-03-09/05:15:31Z | INFO | main.py:23 | Lifespan startup: Initializing DB...
2026-03-09/05:15:31Z | INFO | main.py:25 | Lifespan startup: DB Initialized.
2026-03-09/05:15:32Z | DEBUG | functional.py:335 | 
def rsave_log(data):
    return 1

2026-03-09/05:15:32Z | DEBUG | functional.py:335 | 
def save_log(data):
    return 1

2026-03-09/05:15:32Z | INFO | main.py:23 | Lifespan startup: Initializing DB...
2026-03-09/05:15:32Z | INFO | main.py:25 | Lifespan startup: DB Initialized.
2026-03-09/05:22:06Z | INFO | main.py:29 | Lifespan shutdown: Closing DB...
2026-03-09/05:22:06Z | INFO | main.py:31 | Lifespan shutdown: DB Closed.
2026-03-09/05:22:06Z | DEBUG | functional.py:335 | 
def rsave_log(data):
    return 1

2026-03-09/05:22:06Z | DEBUG | functional.py:335 | 
def save_log(data):
    return 1

2026-03-09/05:22:06Z | INFO | main.py:23 | Lifespan startup: Initializing DB...
2026-03-09/05:22:07Z | INFO | main.py:25 | Lifespan startup: DB Initialized.
2026-03-09/05:22:10Z | INFO | main.py:29 | Lifespan shutdown: Closing DB...
2026-03-09/05:22:10Z | INFO | main.py:31 | Lifespan shutdown: DB Closed.
2026-03-09/05:22:11Z | DEBUG | functional.py:335 | 
def rsave_log(data):
    return 1

2026-03-09/05:22:11Z | DEBUG | functional.py:335 | 
def save_log(data):
    return 1

2026-03-09/05:22:11Z | INFO | main.py:23 | Lifespan startup: Initializing DB...
2026-03-09/05:22:11Z | INFO | main.py:25 | Lifespan startup: DB Initialized.
2026-03-09/05:22:15Z | INFO | main.py:29 | Lifespan shutdown: Closing DB...
2026-03-09/05:22:15Z | INFO | main.py:31 | Lifespan shutdown: DB Closed.
2026-03-09/05:22:16Z | DEBUG | functional.py:335 | 
def rsave_log(data):
    return 1

2026-03-09/05:22:16Z | DEBUG | functional.py:335 | 
def save_log(data):
    return 1

2026-03-09/05:22:16Z | INFO | main.py:23 | Lifespan startup: Initializing DB...
2026-03-09/05:22:16Z | INFO | main.py:25 | Lifespan startup: DB Initialized.
2026-03-09/05:22:39Z | INFO | main.py:29 | Lifespan shutdown: Closing DB...
2026-03-09/05:22:39Z | INFO | main.py:31 | Lifespan shutdown: DB Closed.
2026-03-09/05:22:40Z | DEBUG | functional.py:335 | 
def rsave_log(data):
    return 1

2026-03-09/05:22:40Z | DEBUG | functional.py:335 | 
def save_log(data):
    return 1

2026-03-09/05:22:40Z | INFO | main.py:23 | Lifespan startup: Initializing DB...
2026-03-09/05:22:40Z | INFO | main.py:25 | Lifespan startup: DB Initialized.
2026-03-09/05:24:26Z | INFO | main.py:29 | Lifespan shutdown: Closing DB...
2026-03-09/05:24:26Z | INFO | main.py:31 | Lifespan shutdown: DB Closed.
2026-03-09/05:24:27Z | DEBUG | functional.py:335 | 
def rsave_log(data):
    return 1

2026-03-09/05:24:27Z | DEBUG | functional.py:335 | 
def save_log(data):
    return 1

2026-03-09/05:24:27Z | INFO | main.py:23 | Lifespan startup: Initializing DB...
2026-03-09/05:24:27Z | INFO | main.py:25 | Lifespan startup: DB Initialized.
2026-03-09/05:24:40Z | INFO | main.py:29 | Lifespan shutdown: Closing DB...
2026-03-09/05:24:40Z | INFO | main.py:31 | Lifespan shutdown: DB Closed.
2026-03-09/05:24:41Z | DEBUG | functional.py:335 | 
def rsave_log(data):
    return 1

2026-03-09/05:24:41Z | DEBUG | functional.py:335 | 
def save_log(data):
    return 1

2026-03-09/05:24:41Z | INFO | main.py:23 | Lifespan startup: Initializing DB...
2026-03-09/05:24:41Z | INFO | main.py:25 | Lifespan startup: DB Initialized.
2026-03-09/05:25:22Z | INFO | main.py:53 | Log make
2026-03-09/05:25:36Z | DEBUG | functional.py:335 | 
def accumulate(self, *args, **kwargs):
    return 1

2026-03-09/05:25:36Z | DEBUG | functional.py:335 | 
def xstarmap(task, it):
    return 1

2026-03-09/05:25:36Z | DEBUG | functional.py:335 | 
def chain(*args, **kwargs):
    return 1

2026-03-09/05:25:36Z | DEBUG | functional.py:335 | 
def rsave_log(data):
    return 1

2026-03-09/05:25:36Z | DEBUG | functional.py:335 | 
def save_log(data):
    return 1

2026-03-09/05:25:36Z | DEBUG | functional.py:335 | 
def unlock_chord(self, group_id, callback, interval=0, max_retries=1, result=2, Result=3, GroupResult=4, result_from_tuple=5, **kwargs):
    return 1

2026-03-09/05:25:36Z | DEBUG | functional.py:335 | 
def chunks(task, it, n):
    return 1

2026-03-09/05:25:36Z | DEBUG | functional.py:335 | 
def chord(self, header, body, partial_args=0, interval=1, countdown=2, max_retries=3, eager=4, **kwargs):
    return 1

2026-03-09/05:25:36Z | DEBUG | functional.py:335 | 
def backend_cleanup():
    return 1

2026-03-09/05:25:36Z | DEBUG | functional.py:335 | 
def xmap(task, it):
    return 1

2026-03-09/05:25:36Z | DEBUG | functional.py:335 | 
def group(self, tasks, result, group_id, partial_args, add_to_parent=0):
    return 1

2026-03-09/05:25:53Z | INFO | main.py:53 | Log make
2026-03-09/05:29:27Z | INFO | main.py:29 | Lifespan shutdown: Closing DB...
2026-03-09/05:29:27Z | INFO | main.py:31 | Lifespan shutdown: DB Closed.
2026-03-09/05:29:28Z | DEBUG | functional.py:335 | 
def rsave_log(data):
    return 1

2026-03-09/05:29:28Z | DEBUG | functional.py:335 | 
def save_log(data):
    return 1

2026-03-09/05:29:28Z | INFO | main.py:23 | Lifespan startup: Initializing DB...
2026-03-09/05:29:28Z | INFO | main.py:25 | Lifespan startup: DB Initialized.
2026-03-09/05:29:59Z | INFO | main.py:53 | Log make
2026-03-09/05:30:06Z | INFO | main.py:53 | Log make
2026-03-09/05:30:21Z | DEBUG | functional.py:335 | 
def accumulate(self, *args, **kwargs):
    return 1

2026-03-09/05:30:21Z | DEBUG | functional.py:335 | 
def xstarmap(task, it):
    return 1

2026-03-09/05:30:21Z | DEBUG | functional.py:335 | 
def chain(*args, **kwargs):
    return 1

2026-03-09/05:30:21Z | DEBUG | functional.py:335 | 
def rsave_log(data):
    return 1

2026-03-09/05:30:21Z | DEBUG | functional.py:335 | 
def save_log(data):
    return 1

2026-03-09/05:30:21Z | DEBUG | functional.py:335 | 
def unlock_chord(self, group_id, callback, interval=0, max_retries=1, result=2, Result=3, GroupResult=4, result_from_tuple=5, **kwargs):
    return 1

2026-03-09/05:30:21Z | DEBUG | functional.py:335 | 
def chunks(task, it, n):
    return 1

2026-03-09/05:30:21Z | DEBUG | functional.py:335 | 
def chord(self, header, body, partial_args=0, interval=1, countdown=2, max_retries=3, eager=4, **kwargs):
    return 1

2026-03-09/05:30:21Z | DEBUG | functional.py:335 | 
def backend_cleanup():
    return 1

2026-03-09/05:30:21Z | DEBUG | functional.py:335 | 
def xmap(task, it):
    return 1

2026-03-09/05:30:21Z | DEBUG | functional.py:335 | 
def group(self, tasks, result, group_id, partial_args, add_to_parent=0):
    return 1

2026-03-09/05:30:39Z | INFO | main.py:53 | Log make
2026-03-09/05:33:00Z | INFO | main.py:29 | Lifespan shutdown: Closing DB...
2026-03-09/05:33:00Z | INFO | main.py:31 | Lifespan shutdown: DB Closed.
2026-03-09/05:33:01Z | DEBUG | functional.py:335 | 
def rsave_log(data):
    return 1

2026-03-09/05:33:01Z | DEBUG | functional.py:335 | 
def save_log(data):
    return 1

2026-03-09/05:33:01Z | INFO | main.py:23 | Lifespan startup: Initializing DB...
2026-03-09/05:33:01Z | INFO | main.py:25 | Lifespan startup: DB Initialized.
2026-03-09/05:33:12Z | DEBUG | functional.py:335 | 
def accumulate(self, *args, **kwargs):
    return 1

2026-03-09/05:33:12Z | DEBUG | functional.py:335 | 
def xstarmap(task, it):
    return 1

2026-03-09/05:33:12Z | DEBUG | functional.py:335 | 
def chain(*args, **kwargs):
    return 1

2026-03-09/05:33:12Z | DEBUG | functional.py:335 | 
def rsave_log(data):
    return 1

2026-03-09/05:33:12Z | DEBUG | functional.py:335 | 
def save_log(data):
    return 1

2026-03-09/05:33:12Z | DEBUG | functional.py:335 | 
def unlock_chord(self, group_id, callback, interval=0, max_retries=1, result=2, Result=3, GroupResult=4, result_from_tuple=5, **kwargs):
    return 1

2026-03-09/05:33:12Z | DEBUG | functional.py:335 | 
def chunks(task, it, n):
    return 1

2026-03-09/05:33:12Z | DEBUG | functional.py:335 | 
def chord(self, header, body, partial_args=0, interval=1, countdown=2, max_retries=3, eager=4, **kwargs):
    return 1

2026-03-09/05:33:12Z | DEBUG | functional.py:335 | 
def backend_cleanup():
    return 1

2026-03-09/05:33:12Z | DEBUG | functional.py:335 | 
def xmap(task, it):
    return 1

2026-03-09/05:33:12Z | DEBUG | functional.py:335 | 
def group(self, tasks, result, group_id, partial_args, add_to_parent=0):
    return 1

2026-03-09/05:34:28Z | INFO | main.py:29 | Lifespan shutdown: Closing DB...
2026-03-09/05:34:28Z | INFO | main.py:31 | Lifespan shutdown: DB Closed.
2026-03-09/05:34:29Z | DEBUG | functional.py:335 | 
def rsave_log(data):
    return 1

2026-03-09/05:34:29Z | DEBUG | functional.py:335 | 
def save_log(data):
    return 1

2026-03-09/05:34:29Z | INFO | main.py:23 | Lifespan startup: Initializing DB...
2026-03-09/05:34:29Z | INFO | main.py:25 | Lifespan startup: DB Initialized.
2026-03-09/05:37:18Z | DEBUG | functional.py:335 | 
def accumulate(self, *args, **kwargs):
    return 1

2026-03-09/05:37:18Z | DEBUG | functional.py:335 | 
def xstarmap(task, it):
    return 1

2026-03-09/05:37:18Z | DEBUG | functional.py:335 | 
def chain(*args, **kwargs):
    return 1

2026-03-09/05:37:18Z | DEBUG | functional.py:335 | 
def rsave_log(data):
    return 1

2026-03-09/05:37:18Z | DEBUG | functional.py:335 | 
def save_log(data):
    return 1

2026-03-09/05:37:18Z | DEBUG | functional.py:335 | 
def unlock_chord(self, group_id, callback, interval=0, max_retries=1, result=2, Result=3, GroupResult=4, result_from_tuple=5, **kwargs):
    return 1

2026-03-09/05:37:18Z | DEBUG | functional.py:335 | 
def chunks(task, it, n):
    return 1

2026-03-09/05:37:18Z | DEBUG | functional.py:335 | 
def chord(self, header, body, partial_args=0, interval=1, countdown=2, max_retries=3, eager=4, **kwargs):
    return 1

2026-03-09/05:37:18Z | DEBUG | functional.py:335 | 
def backend_cleanup():
    return 1

2026-03-09/05:37:18Z | DEBUG | functional.py:335 | 
def xmap(task, it):
    return 1

2026-03-09/05:37:18Z | DEBUG | functional.py:335 | 
def group(self, tasks, result, group_id, partial_args, add_to_parent=0):
    return 1

2026-03-09/05:38:00Z | INFO | main.py:29 | Lifespan shutdown: Closing DB...
2026-03-09/05:38:00Z | INFO | main.py:31 | Lifespan shutdown: DB Closed.
2026-03-09/05:38:01Z | DEBUG | functional.py:335 | 
def rsave_log(data):
    return 1

2026-03-09/05:38:01Z | DEBUG | functional.py:335 | 
def save_log(data):
    return 1

2026-03-09/05:38:01Z | INFO | main.py:23 | Lifespan startup: Initializing DB...
2026-03-09/05:38:01Z | INFO | main.py:25 | Lifespan startup: DB Initialized.
2026-03-09/05:38:02Z | DEBUG | functional.py:335 | 
def rsave_log(data):
    return 1

2026-03-09/05:38:02Z | DEBUG | functional.py:335 | 
def save_log(data):
    return 1

2026-03-09/05:38:02Z | INFO | main.py:23 | Lifespan startup: Initializing DB...
2026-03-09/05:38:02Z | INFO | main.py:25 | Lifespan startup: DB Initialized.
2026-03-09/05:39:51Z | INFO | main.py:29 | Lifespan shutdown: Closing DB...
2026-03-09/05:39:51Z | INFO | main.py:31 | Lifespan shutdown: DB Closed.
2026-03-09/05:42:36Z | DEBUG | functional.py:335 | 
def rsave_log(data):
    return 1

2026-03-09/05:42:36Z | DEBUG | functional.py:335 | 
def save_log(data):
    return 1

2026-03-09/05:42:36Z | INFO | main.py:23 | Lifespan startup: Initializing DB...
2026-03-09/05:42:36Z | INFO | main.py:25 | Lifespan startup: DB Initialized.
2026-03-09/05:42:36Z | INFO | main.py:53 | Log make
2026-03-09/05:42:36Z | INFO | main.py:53 | Log make
2026-03-09/05:42:46Z | DEBUG | functional.py:335 | 
def accumulate(self, *args, **kwargs):
    return 1

2026-03-09/05:42:46Z | DEBUG | functional.py:335 | 
def xstarmap(task, it):
    return 1

2026-03-09/05:42:46Z | DEBUG | functional.py:335 | 
def chain(*args, **kwargs):
    return 1

2026-03-09/05:42:46Z | DEBUG | functional.py:335 | 
def unlock_chord(self, group_id, callback, interval=0, max_retries=1, result=2, Result=3, GroupResult=4, result_from_tuple=5, **kwargs):
    return 1

2026-03-09/05:42:46Z | DEBUG | functional.py:335 | 
def chunks(task, it, n):
    return 1

2026-03-09/05:42:46Z | DEBUG | functional.py:335 | 
def chord(self, header, body, partial_args=0, interval=1, countdown=2, max_retries=3, eager=4, **kwargs):
    return 1

2026-03-09/05:42:46Z | DEBUG | functional.py:335 | 
def rsave_log(data):
    return 1

2026-03-09/05:42:46Z | DEBUG | functional.py:335 | 
def save_log(data):
    return 1

2026-03-09/05:42:46Z | DEBUG | functional.py:335 | 
def backend_cleanup():
    return 1

2026-03-09/05:42:46Z | DEBUG | functional.py:335 | 
def xmap(task, it):
    return 1

2026-03-09/05:42:46Z | DEBUG | functional.py:335 | 
def group(self, tasks, result, group_id, partial_args, add_to_parent=0):
    return 1

2026-03-09/05:44:51Z | INFO | main.py:29 | Lifespan shutdown: Closing DB...
2026-03-09/05:44:51Z | INFO | main.py:31 | Lifespan shutdown: DB Closed.
2026-03-09/05:44:51Z | DEBUG | functional.py:335 | 
def rsave_log(data):
    return 1

2026-03-09/05:44:51Z | DEBUG | functional.py:335 | 
def save_log(data):
    return 1

2026-03-09/05:44:51Z | INFO | main.py:23 | Lifespan startup: Initializing DB...
2026-03-09/05:44:51Z | INFO | main.py:25 | Lifespan startup: DB Initialized.
2026-03-09/05:47:55Z | DEBUG | functional.py:335 | 
def rsave_log(data):
    return 1

2026-03-09/05:47:55Z | DEBUG | functional.py:335 | 
def save_log(data):
    return 1

2026-03-09/05:47:55Z | DEBUG | functional.py:335 | 
def accumulate(self, *args, **kwargs):
    return 1

2026-03-09/05:47:55Z | DEBUG | functional.py:335 | 
def xstarmap(task, it):
    return 1

2026-03-09/05:47:55Z | DEBUG | functional.py:335 | 
def chain(*args, **kwargs):
    return 1

2026-03-09/05:47:55Z | DEBUG | functional.py:335 | 
def unlock_chord(self, group_id, callback, interval=0, max_retries=1, result=2, Result=3, GroupResult=4, result_from_tuple=5, **kwargs):
    return 1

2026-03-09/05:47:55Z | DEBUG | functional.py:335 | 
def chunks(task, it, n):
    return 1

2026-03-09/05:47:55Z | DEBUG | functional.py:335 | 
def chord(self, header, body, partial_args=0, interval=1, countdown=2, max_retries=3, eager=4, **kwargs):
    return 1

2026-03-09/05:47:55Z | DEBUG | functional.py:335 | 
def backend_cleanup():
    return 1

2026-03-09/05:47:55Z | DEBUG | functional.py:335 | 
def xmap(task, it):
    return 1

2026-03-09/05:47:55Z | DEBUG | functional.py:335 | 
def group(self, tasks, result, group_id, partial_args, add_to_parent=0):
    return 1

2026-03-09/05:48:12Z | INFO | main.py:53 | Log make
2026-03-09/05:50:19Z | INFO | main.py:29 | Lifespan shutdown: Closing DB...
2026-03-09/05:50:19Z | INFO | main.py:31 | Lifespan shutdown: DB Closed.
2026-03-09/05:50:20Z | DEBUG | functional.py:335 | 
def rsave_log(data):
    return 1

2026-03-09/05:50:20Z | DEBUG | functional.py:335 | 
def save_log(data):
    return 1

2026-03-09/05:50:20Z | INFO | main.py:23 | Lifespan startup: Initializing DB...
2026-03-09/05:50:20Z | INFO | main.py:25 | Lifespan startup: DB Initialized.
2026-03-09/05:53:38Z | DEBUG | functional.py:335 | 
def rsave_log(data):
    return 1

2026-03-09/05:53:38Z | DEBUG | functional.py:335 | 
def save_log(data):
    return 1

2026-03-09/05:53:38Z | DEBUG | functional.py:335 | 
def accumulate(self, *args, **kwargs):
    return 1

2026-03-09/05:53:38Z | DEBUG | functional.py:335 | 
def xstarmap(task, it):
    return 1

2026-03-09/05:53:38Z | DEBUG | functional.py:335 | 
def chain(*args, **kwargs):
    return 1

2026-03-09/05:53:38Z | DEBUG | functional.py:335 | 
def unlock_chord(self, group_id, callback, interval=0, max_retries=1, result=2, Result=3, GroupResult=4, result_from_tuple=5, **kwargs):
    return 1

2026-03-09/05:53:38Z | DEBUG | functional.py:335 | 
def chunks(task, it, n):
    return 1

2026-03-09/05:53:38Z | DEBUG | functional.py:335 | 
def chord(self, header, body, partial_args=0, interval=1, countdown=2, max_retries=3, eager=4, **kwargs):
    return 1

2026-03-09/05:53:38Z | DEBUG | functional.py:335 | 
def backend_cleanup():
    return 1

2026-03-09/05:53:38Z | DEBUG | functional.py:335 | 
def xmap(task, it):
    return 1

2026-03-09/05:53:38Z | DEBUG | functional.py:335 | 
def group(self, tasks, result, group_id, partial_args, add_to_parent=0):
    return 1

2026-03-09/05:53:44Z | INFO | main.py:53 | Log make
2026-03-09/06:02:29Z | DEBUG | functional.py:335 | 
def rsave_log(data):
    return 1

2026-03-09/06:02:29Z | DEBUG | functional.py:335 | 
def save_log(data):
    return 1

2026-03-09/06:02:29Z | DEBUG | functional.py:335 | 
def accumulate(self, *args, **kwargs):
    return 1

2026-03-09/06:02:29Z | DEBUG | functional.py:335 | 
def xstarmap(task, it):
    return 1

2026-03-09/06:02:29Z | DEBUG | functional.py:335 | 
def chain(*args, **kwargs):
    return 1

2026-03-09/06:02:29Z | DEBUG | functional.py:335 | 
def unlock_chord(self, group_id, callback, interval=0, max_retries=1, result=2, Result=3, GroupResult=4, result_from_tuple=5, **kwargs):
    return 1

2026-03-09/06:02:29Z | DEBUG | functional.py:335 | 
def chunks(task, it, n):
    return 1

2026-03-09/06:02:29Z | DEBUG | functional.py:335 | 
def chord(self, header, body, partial_args=0, interval=1, countdown=2, max_retries=3, eager=4, **kwargs):
    return 1

2026-03-09/06:02:29Z | DEBUG | functional.py:335 | 
def backend_cleanup():
    return 1

2026-03-09/06:02:29Z | DEBUG | functional.py:335 | 
def xmap(task, it):
    return 1

2026-03-09/06:02:29Z | DEBUG | functional.py:335 | 
def group(self, tasks, result, group_id, partial_args, add_to_parent=0):
    return 1

2026-03-09/06:02:53Z | INFO | main.py:53 | Log make
2026-03-09/06:03:58Z | INFO | main.py:29 | Lifespan shutdown: Closing DB...
2026-03-09/06:03:58Z | INFO | main.py:31 | Lifespan shutdown: DB Closed.
2026-03-09/06:03:59Z | DEBUG | functional.py:335 | 
def rsave_log(data):
    return 1

2026-03-09/06:03:59Z | DEBUG | functional.py:335 | 
def save_log(data):
    return 1

2026-03-09/06:03:59Z | INFO | main.py:23 | Lifespan startup: Initializing DB...
2026-03-09/06:03:59Z | INFO | main.py:25 | Lifespan startup: DB Initialized.
2026-03-09/06:04:13Z | INFO | main.py:29 | Lifespan shutdown: Closing DB...
2026-03-09/06:04:13Z | INFO | main.py:31 | Lifespan shutdown: DB Closed.
2026-03-09/06:04:14Z | DEBUG | functional.py:335 | 
def rsave_log(data):
    return 1

2026-03-09/06:04:14Z | DEBUG | functional.py:335 | 
def save_log(data):
    return 1

2026-03-09/06:04:13Z | INFO | main.py:23 | Lifespan startup: Initializing DB...
2026-03-09/06:04:14Z | INFO | main.py:25 | Lifespan startup: DB Initialized.
2026-03-09/06:06:22Z | DEBUG | functional.py:335 | 
def rsave_log(data):
    return 1

2026-03-09/06:06:22Z | DEBUG | functional.py:335 | 
def save_log(data):
    return 1

2026-03-09/06:06:22Z | DEBUG | functional.py:335 | 
def accumulate(self, *args, **kwargs):
    return 1

2026-03-09/06:06:22Z | DEBUG | functional.py:335 | 
def xstarmap(task, it):
    return 1

2026-03-09/06:06:22Z | DEBUG | functional.py:335 | 
def chain(*args, **kwargs):
    return 1

2026-03-09/06:06:22Z | DEBUG | functional.py:335 | 
def unlock_chord(self, group_id, callback, interval=0, max_retries=1, result=2, Result=3, GroupResult=4, result_from_tuple=5, **kwargs):
    return 1

2026-03-09/06:06:22Z | DEBUG | functional.py:335 | 
def chunks(task, it, n):
    return 1

2026-03-09/06:06:22Z | DEBUG | functional.py:335 | 
def chord(self, header, body, partial_args=0, interval=1, countdown=2, max_retries=3, eager=4, **kwargs):
    return 1

2026-03-09/06:06:22Z | DEBUG | functional.py:335 | 
def backend_cleanup():
    return 1

2026-03-09/06:06:22Z | DEBUG | functional.py:335 | 
def xmap(task, it):
    return 1

2026-03-09/06:06:22Z | DEBUG | functional.py:335 | 
def group(self, tasks, result, group_id, partial_args, add_to_parent=0):
    return 1

2026-03-09/06:07:00Z | INFO | main.py:53 | Log make
2026-03-09/06:07:57Z | INFO | main.py:53 | Log make
2026-03-09/06:11:18Z | INFO | main.py:29 | Lifespan shutdown: Closing DB...
2026-03-09/06:11:18Z | INFO | main.py:31 | Lifespan shutdown: DB Closed.
2026-03-09/06:11:19Z | DEBUG | functional.py:335 | 
def rsave_log(data):
    return 1

2026-03-09/06:11:19Z | DEBUG | functional.py:335 | 
def save_log(data):
    return 1

2026-03-09/06:11:19Z | INFO | main.py:23 | Lifespan startup: Initializing DB...
2026-03-09/06:11:19Z | INFO | main.py:25 | Lifespan startup: DB Initialized.
2026-03-09/06:12:56Z | INFO | main.py:29 | Lifespan shutdown: Closing DB...
2026-03-09/06:12:56Z | INFO | main.py:31 | Lifespan shutdown: DB Closed.
2026-03-09/06:12:56Z | INFO | main.py:23 | Lifespan startup: Initializing DB...
2026-03-09/06:12:57Z | INFO | main.py:25 | Lifespan startup: DB Initialized.
2026-03-09/06:13:14Z | DEBUG | functional.py:335 | 
def accumulate(self, *args, **kwargs):
    return 1

2026-03-09/06:13:14Z | DEBUG | functional.py:335 | 
def xstarmap(task, it):
    return 1

2026-03-09/06:13:14Z | DEBUG | functional.py:335 | 
def chain(*args, **kwargs):
    return 1

2026-03-09/06:13:14Z | DEBUG | functional.py:335 | 
def unlock_chord(self, group_id, callback, interval=0, max_retries=1, result=2, Result=3, GroupResult=4, result_from_tuple=5, **kwargs):
    return 1

2026-03-09/06:13:14Z | DEBUG | functional.py:335 | 
def chunks(task, it, n):
    return 1

2026-03-09/06:13:14Z | DEBUG | functional.py:335 | 
def chord(self, header, body, partial_args=0, interval=1, countdown=2, max_retries=3, eager=4, **kwargs):
    return 1

2026-03-09/06:13:14Z | DEBUG | functional.py:335 | 
def backend_cleanup():
    return 1

2026-03-09/06:13:14Z | DEBUG | functional.py:335 | 
def xmap(task, it):
    return 1

2026-03-09/06:13:14Z | DEBUG | functional.py:335 | 
def group(self, tasks, result, group_id, partial_args, add_to_parent=0):
    return 1

2026-03-09/06:13:19Z | INFO | main.py:53 | Log make
2026-03-09/06:13:31Z | INFO | main.py:53 | Log make
2026-03-09/06:14:02Z | INFO | main.py:53 | Log make
2026-03-09/06:14:02Z | INFO | main.py:53 | Log make
2026-03-09/06:15:16Z | INFO | main.py:29 | Lifespan shutdown: Closing DB...
2026-03-09/06:15:16Z | INFO | main.py:31 | Lifespan shutdown: DB Closed.
2026-03-09/06:15:17Z | INFO | main.py:23 | Lifespan startup: Initializing DB...
2026-03-09/06:15:17Z | INFO | main.py:25 | Lifespan startup: DB Initialized.
2026-03-09/06:15:39Z | DEBUG | functional.py:335 | 
def rsave_log(data):
    return 1

2026-03-09/06:15:39Z | DEBUG | functional.py:335 | 
def save_log(data):
    return 1

2026-03-09/06:15:39Z | INFO | main.py:29 | Lifespan shutdown: Closing DB...
2026-03-09/06:15:39Z | INFO | main.py:31 | Lifespan shutdown: DB Closed.
2026-03-09/06:15:40Z | DEBUG | functional.py:335 | 
def rsave_log(data):
    return 1

2026-03-09/06:15:40Z | DEBUG | functional.py:335 | 
def save_log(data):
    return 1

2026-03-09/06:15:40Z | INFO | main.py:23 | Lifespan startup: Initializing DB...
2026-03-09/06:15:40Z | INFO | main.py:25 | Lifespan startup: DB Initialized.
2026-03-09/06:15:55Z | DEBUG | functional.py:335 | 
def accumulate(self, *args, **kwargs):
    return 1

2026-03-09/06:15:55Z | DEBUG | functional.py:335 | 
def xstarmap(task, it):
    return 1

2026-03-09/06:15:55Z | DEBUG | functional.py:335 | 
def chain(*args, **kwargs):
    return 1

2026-03-09/06:15:55Z | DEBUG | functional.py:335 | 
def rsave_log(data):
    return 1

2026-03-09/06:15:55Z | DEBUG | functional.py:335 | 
def save_log(data):
    return 1

2026-03-09/06:15:55Z | DEBUG | functional.py:335 | 
def unlock_chord(self, group_id, callback, interval=0, max_retries=1, result=2, Result=3, GroupResult=4, result_from_tuple=5, **kwargs):
    return 1

2026-03-09/06:15:55Z | DEBUG | functional.py:335 | 
def chunks(task, it, n):
    return 1

2026-03-09/06:15:55Z | DEBUG | functional.py:335 | 
def chord(self, header, body, partial_args=0, interval=1, countdown=2, max_retries=3, eager=4, **kwargs):
    return 1

2026-03-09/06:15:55Z | DEBUG | functional.py:335 | 
def backend_cleanup():
    return 1

2026-03-09/06:15:55Z | DEBUG | functional.py:335 | 
def xmap(task, it):
    return 1

2026-03-09/06:15:55Z | DEBUG | functional.py:335 | 
def group(self, tasks, result, group_id, partial_args, add_to_parent=0):
    return 1

2026-03-09/06:16:00Z | INFO | main.py:53 | Log make
2026-03-09/06:17:33Z | INFO | main.py:29 | Lifespan shutdown: Closing DB...
2026-03-09/06:17:33Z | INFO | main.py:31 | Lifespan shutdown: DB Closed.
2026-03-09/06:17:34Z | DEBUG | functional.py:335 | 
def rsave_log(data):
    return 1

2026-03-09/06:17:34Z | DEBUG | functional.py:335 | 
def save_log(data):
    return 1

2026-03-09/06:17:34Z | INFO | main.py:23 | Lifespan startup: Initializing DB...
2026-03-09/06:17:34Z | INFO | main.py:25 | Lifespan startup: DB Initialized.
2026-03-10/18:16:59Z | DEBUG | functional.py:335 | 
def rsave_log(data):
    return 1

2026-03-10/18:16:59Z | DEBUG | functional.py:335 | 
def save_log(data):
    return 1

2026-03-10/18:16:59Z | INFO | main.py:23 | Lifespan startup: Initializing DB...
2026-03-10/18:16:59Z | INFO | main.py:25 | Lifespan startup: DB Initialized.
2026-03-10/18:20:56Z | INFO | main.py:29 | Lifespan shutdown: Closing DB...
2026-03-10/18:20:56Z | INFO | main.py:31 | Lifespan shutdown: DB Closed.
2026-03-10/18:20:57Z | DEBUG | functional.py:335 | 
def rsave_log(data):
    return 1

2026-03-10/18:20:57Z | DEBUG | functional.py:335 | 
def save_log(data):
    return 1

2026-03-10/18:20:57Z | INFO | main.py:23 | Lifespan startup: Initializing DB...
2026-03-10/18:20:57Z | INFO | main.py:25 | Lifespan startup: DB Initialized.
2026-03-10/18:23:31Z | INFO | main.py:29 | Lifespan shutdown: Closing DB...
2026-03-10/18:23:31Z | INFO | main.py:31 | Lifespan shutdown: DB Closed.
2026-03-10/18:23:32Z | DEBUG | functional.py:335 | 
def rsave_log(data):
    return 1

2026-03-10/18:23:32Z | DEBUG | functional.py:335 | 
def save_log(data):
    return 1

2026-03-10/18:23:32Z | INFO | main.py:23 | Lifespan startup: Initializing DB...
2026-03-10/18:23:32Z | INFO | main.py:25 | Lifespan startup: DB Initialized.
2026-03-10/18:23:51Z | INFO | main.py:29 | Lifespan shutdown: Closing DB...
2026-03-10/18:23:51Z | INFO | main.py:31 | Lifespan shutdown: DB Closed.
2026-03-10/18:23:52Z | DEBUG | functional.py:335 | 
def rsave_log(data):
    return 1

2026-03-10/18:23:52Z | DEBUG | functional.py:335 | 
def save_log(data):
    return 1

2026-03-10/18:23:52Z | INFO | main.py:23 | Lifespan startup: Initializing DB...
2026-03-10/18:23:52Z | INFO | main.py:25 | Lifespan startup: DB Initialized.
2026-03-10/18:23:53Z | DEBUG | functional.py:335 | 
def rsave_log(data):
    return 1

2026-03-10/18:23:53Z | DEBUG | functional.py:335 | 
def save_log(data):
    return 1

2026-03-10/18:23:53Z | INFO | main.py:23 | Lifespan startup: Initializing DB...
2026-03-10/18:23:53Z | INFO | main.py:25 | Lifespan startup: DB Initialized.
2026-03-10/18:24:35Z | INFO | main.py:29 | Lifespan shutdown: Closing DB...
2026-03-10/18:24:35Z | INFO | main.py:31 | Lifespan shutdown: DB Closed.
2026-03-10/18:29:16Z | DEBUG | functional.py:335 | 
def rsave_log(data):
    return 1

2026-03-10/18:29:16Z | DEBUG | functional.py:335 | 
def save_log(data):
    return 1

2026-03-10/18:29:16Z | INFO | main.py:23 | Lifespan startup: Initializing DB...
2026-03-10/18:29:16Z | INFO | main.py:25 | Lifespan startup: DB Initialized.
2026-03-10/18:32:07Z | INFO | main.py:29 | Lifespan shutdown: Closing DB...
2026-03-10/18:32:07Z | INFO | main.py:31 | Lifespan shutdown: DB Closed.
2026-03-10/18:33:21Z | DEBUG | functional.py:335 | 
def rsave_log(data):
    return 1

2026-03-10/18:33:21Z | DEBUG | functional.py:335 | 
def save_log(data):
    return 1

2026-03-10/18:33:21Z | INFO | main.py:23 | Lifespan startup: Initializing DB...
2026-03-10/18:33:21Z | INFO | main.py:25 | Lifespan startup: DB Initialized.
2026-03-10/18:36:01Z | INFO | main.py:29 | Lifespan shutdown: Closing DB...
2026-03-10/18:36:01Z | INFO | main.py:31 | Lifespan shutdown: DB Closed.
2026-03-10/18:36:01Z | DEBUG | functional.py:335 | 
def rsave_log(data):
    return 1

2026-03-10/18:36:01Z | DEBUG | functional.py:335 | 
def save_log(data):
    return 1

2026-03-10/18:36:01Z | INFO | main.py:23 | Lifespan startup: Initializing DB...
2026-03-10/18:36:01Z | INFO | main.py:25 | Lifespan startup: DB Initialized.
2026-03-10/18:36:24Z | INFO | main.py:29 | Lifespan shutdown: Closing DB...
2026-03-10/18:36:24Z | INFO | main.py:31 | Lifespan shutdown: DB Closed.
2026-03-10/18:36:25Z | DEBUG | functional.py:335 | 
def rsave_log(data):
    return 1

2026-03-10/18:36:25Z | DEBUG | functional.py:335 | 
def save_log(data):
    return 1

2026-03-10/18:36:25Z | INFO | main.py:23 | Lifespan startup: Initializing DB...
2026-03-10/18:36:25Z | INFO | main.py:25 | Lifespan startup: DB Initialized.
2026-03-10/18:36:45Z | INFO | main.py:29 | Lifespan shutdown: Closing DB...
2026-03-10/18:36:45Z | INFO | main.py:31 | Lifespan shutdown: DB Closed.
2026-03-10/18:37:02Z | DEBUG | functional.py:335 | 
def rsave_log(data):
    return 1

2026-03-10/18:37:02Z | DEBUG | functional.py:335 | 
def save_log(data):
    return 1

2026-03-10/18:37:02Z | INFO | main.py:23 | Lifespan startup: Initializing DB...
2026-03-10/18:37:02Z | INFO | main.py:25 | Lifespan startup: DB Initialized.
2026-03-10/18:37:11Z | INFO | main.py:29 | Lifespan shutdown: Closing DB...
2026-03-10/18:37:11Z | INFO | main.py:31 | Lifespan shutdown: DB Closed.
2026-03-10/18:37:12Z | DEBUG | functional.py:335 | 
def rsave_log(data):
    return 1

2026-03-10/18:37:12Z | DEBUG | functional.py:335 | 
def save_log(data):
    return 1

2026-03-10/18:37:12Z | INFO | main.py:23 | Lifespan startup: Initializing DB...
2026-03-10/18:37:12Z | INFO | main.py:25 | Lifespan startup: DB Initialized.
2026-03-10/18:37:13Z | INFO | main.py:29 | Lifespan shutdown: Closing DB...
2026-03-10/18:37:13Z | INFO | main.py:31 | Lifespan shutdown: DB Closed.
2026-03-10/18:37:38Z | DEBUG | functional.py:335 | 
def rsave_log(data):
    return 1

2026-03-10/18:37:38Z | DEBUG | functional.py:335 | 
def save_log(data):
    return 1

2026-03-10/18:37:38Z | INFO | main.py:23 | Lifespan startup: Initializing DB...
2026-03-10/18:37:38Z | INFO | main.py:25 | Lifespan startup: DB Initialized.
2026-03-10/18:38:47Z | INFO | main.py:29 | Lifespan shutdown: Closing DB...
2026-03-10/18:38:47Z | INFO | main.py:31 | Lifespan shutdown: DB Closed.
2026-03-10/18:38:48Z | DEBUG | functional.py:335 | 
def rsave_log(data):
    return 1

2026-03-10/18:38:48Z | DEBUG | functional.py:335 | 
def save_log(data):
    return 1

2026-03-10/18:38:48Z | INFO | main.py:23 | Lifespan startup: Initializing DB...
2026-03-10/18:38:48Z | INFO | main.py:25 | Lifespan startup: DB Initialized.
2026-03-10/18:38:54Z | ERROR | admin.py:39 | Failed to read logs: SessionMiddleware must be installed to access request.session
2026-03-10/18:39:25Z | INFO | main.py:29 | Lifespan shutdown: Closing DB...
2026-03-10/18:39:25Z | INFO | main.py:31 | Lifespan shutdown: DB Closed.
2026-03-10/18:39:26Z | DEBUG | functional.py:335 | 
def rsave_log(data):
    return 1

2026-03-10/18:39:26Z | DEBUG | functional.py:335 | 
def save_log(data):
    return 1

2026-03-10/18:39:26Z | INFO | main.py:23 | Lifespan startup: Initializing DB...
2026-03-10/18:39:26Z | INFO | main.py:25 | Lifespan startup: DB Initialized.
2026-03-10/18:39:34Z | INFO | main.py:29 | Lifespan shutdown: Closing DB...
2026-03-10/18:39:34Z | INFO | main.py:31 | Lifespan shutdown: DB Closed.
2026-03-10/18:39:35Z | DEBUG | functional.py:335 | 
def rsave_log(data):
    return 1

2026-03-10/18:39:35Z | DEBUG | functional.py:335 | 
def save_log(data):
    return 1

2026-03-10/18:39:35Z | INFO | main.py:23 | Lifespan startup: Initializing DB...
2026-03-10/18:39:35Z | INFO | main.py:25 | Lifespan startup: DB Initialized.
2026-03-10/18:39:38Z | INFO | main.py:29 | Lifespan shutdown: Closing DB...
2026-03-10/18:39:38Z | INFO | main.py:31 | Lifespan shutdown: DB Closed.
2026-03-10/18:39:39Z | DEBUG | functional.py:335 | 
def rsave_log(data):
    return 1

2026-03-10/18:39:39Z | DEBUG | functional.py:335 | 
def save_log(data):
    return 1

2026-03-10/18:39:39Z | INFO | main.py:23 | Lifespan startup: Initializing DB...
2026-03-10/18:39:39Z | INFO | main.py:25 | Lifespan startup: DB Initialized.
2026-03-10/18:39:54Z | ERROR | admin.py:40 | Failed to read logs: 'LogsFilterForm' object has no attribute 'skip'
2026-03-10/18:40:06Z | INFO | main.py:29 | Lifespan shutdown: Closing DB...
2026-03-10/18:40:06Z | INFO | main.py:31 | Lifespan shutdown: DB Closed.
2026-03-10/18:40:07Z | DEBUG | functional.py:335 | 
def rsave_log(data):
    return 1

2026-03-10/18:40:07Z | DEBUG | functional.py:335 | 
def save_log(data):
    return 1

2026-03-10/18:40:07Z | INFO | main.py:23 | Lifespan startup: Initializing DB...
2026-03-10/18:40:07Z | INFO | main.py:25 | Lifespan startup: DB Initialized.
2026-03-10/18:40:13Z | INFO | main.py:29 | Lifespan shutdown: Closing DB...
2026-03-10/18:40:13Z | INFO | main.py:31 | Lifespan shutdown: DB Closed.
2026-03-10/18:40:14Z | DEBUG | functional.py:335 | 
def rsave_log(data):
    return 1

2026-03-10/18:40:14Z | DEBUG | functional.py:335 | 
def save_log(data):
    return 1

2026-03-10/18:40:14Z | INFO | main.py:23 | Lifespan startup: Initializing DB...
2026-03-10/18:40:14Z | INFO | main.py:25 | Lifespan startup: DB Initialized.
2026-03-10/18:40:33Z | INFO | main.py:29 | Lifespan shutdown: Closing DB...
2026-03-10/18:40:33Z | INFO | main.py:31 | Lifespan shutdown: DB Closed.
2026-03-10/18:40:34Z | DEBUG | functional.py:335 | 
def rsave_log(data):
    return 1

2026-03-10/18:40:34Z | DEBUG | functional.py:335 | 
def save_log(data):
    return 1

2026-03-10/18:40:34Z | INFO | main.py:23 | Lifespan startup: Initializing DB...
2026-03-10/18:40:34Z | INFO | main.py:25 | Lifespan startup: DB Initialized.
2026-03-10/18:41:55Z | INFO | main.py:29 | Lifespan shutdown: Closing DB...
2026-03-10/18:41:55Z | INFO | main.py:31 | Lifespan shutdown: DB Closed.
2026-03-10/18:41:56Z | DEBUG | functional.py:335 | 
def rsave_log(data):
    return 1

2026-03-10/18:41:56Z | DEBUG | functional.py:335 | 
def save_log(data):
    return 1

2026-03-10/18:41:55Z | INFO | main.py:23 | Lifespan startup: Initializing DB...
2026-03-10/18:41:56Z | INFO | main.py:25 | Lifespan startup: DB Initialized.
2026-03-10/18:42:07Z | DEBUG | multipart.py:628 | Calling on_field_start with no data
2026-03-10/18:42:07Z | DEBUG | multipart.py:625 | Calling on_field_name with data[0:5]
2026-03-10/18:42:07Z | DEBUG | multipart.py:625 | Calling on_field_data with data[6:7]
2026-03-10/18:42:07Z | DEBUG | multipart.py:628 | Calling on_field_end with no data
2026-03-10/18:42:07Z | DEBUG | multipart.py:628 | Calling on_field_start with no data
2026-03-10/18:42:07Z | DEBUG | multipart.py:625 | Calling on_field_name with data[8:13]
2026-03-10/18:42:07Z | DEBUG | multipart.py:625 | Calling on_field_data with data[14:15]
2026-03-10/18:42:07Z | DEBUG | multipart.py:628 | Calling on_field_end with no data
2026-03-10/18:42:07Z | DEBUG | multipart.py:628 | Calling on_field_start with no data
2026-03-10/18:42:07Z | DEBUG | multipart.py:625 | Calling on_field_name with data[16:22]
2026-03-10/18:42:07Z | DEBUG | multipart.py:625 | Calling on_field_data with data[23:24]
2026-03-10/18:42:07Z | DEBUG | multipart.py:628 | Calling on_field_end with no data
2026-03-10/18:42:07Z | DEBUG | multipart.py:628 | Calling on_field_start with no data
2026-03-10/18:42:07Z | DEBUG | multipart.py:625 | Calling on_field_name with data[25:29]
2026-03-10/18:42:07Z | DEBUG | multipart.py:625 | Calling on_field_data with data[30:31]
2026-03-10/18:42:07Z | DEBUG | multipart.py:628 | Calling on_field_end with no data
2026-03-10/18:42:07Z | DEBUG | multipart.py:628 | Calling on_field_start with no data
2026-03-10/18:42:07Z | DEBUG | multipart.py:625 | Calling on_field_name with data[32:39]
2026-03-10/18:42:07Z | DEBUG | multipart.py:628 | Calling on_field_end with no data
2026-03-10/18:42:07Z | DEBUG | multipart.py:628 | Calling on_end with no data
2026-03-10/18:42:12Z | DEBUG | multipart.py:628 | Calling on_field_start with no data
2026-03-10/18:42:12Z | DEBUG | multipart.py:625 | Calling on_field_name with data[0:5]
2026-03-10/18:42:12Z | DEBUG | multipart.py:625 | Calling on_field_data with data[6:7]
2026-03-10/18:42:12Z | DEBUG | multipart.py:628 | Calling on_field_end with no data
2026-03-10/18:42:12Z | DEBUG | multipart.py:628 | Calling on_field_start with no data
2026-03-10/18:42:12Z | DEBUG | multipart.py:625 | Calling on_field_name with data[8:15]
2026-03-10/18:42:12Z | DEBUG | multipart.py:628 | Calling on_field_end with no data
2026-03-10/18:42:12Z | DEBUG | multipart.py:628 | Calling on_end with no data
2026-03-10/18:42:15Z | DEBUG | multipart.py:628 | Calling on_field_start with no data
2026-03-10/18:42:15Z | DEBUG | multipart.py:625 | Calling on_field_name with data[0:5]
2026-03-10/18:42:15Z | DEBUG | multipart.py:625 | Calling on_field_data with data[6:7]
2026-03-10/18:42:15Z | DEBUG | multipart.py:628 | Calling on_field_end with no data
2026-03-10/18:42:15Z | DEBUG | multipart.py:628 | Calling on_field_start with no data
2026-03-10/18:42:15Z | DEBUG | multipart.py:625 | Calling on_field_name with data[8:15]
2026-03-10/18:42:15Z | DEBUG | multipart.py:628 | Calling on_field_end with no data
2026-03-10/18:42:15Z | DEBUG | multipart.py:628 | Calling on_end with no data
2026-03-10/18:44:13Z | INFO | main.py:29 | Lifespan shutdown: Closing DB...
2026-03-10/18:44:13Z | INFO | main.py:31 | Lifespan shutdown: DB Closed.
2026-03-10/18:44:14Z | DEBUG | functional.py:335 | 
def rsave_log(data):
    return 1

2026-03-10/18:44:14Z | DEBUG | functional.py:335 | 
def save_log(data):
    return 1

2026-03-10/18:44:14Z | INFO | main.py:23 | Lifespan startup: Initializing DB...
2026-03-10/18:44:14Z | INFO | main.py:25 | Lifespan startup: DB Initialized.
2026-03-10/18:44:26Z | INFO | main.py:29 | Lifespan shutdown: Closing DB...
2026-03-10/18:44:26Z | INFO | main.py:31 | Lifespan shutdown: DB Closed.
2026-03-10/18:44:27Z | DEBUG | functional.py:335 | 
def rsave_log(data):
    return 1

2026-03-10/18:44:27Z | DEBUG | functional.py:335 | 
def save_log(data):
    return 1

2026-03-10/18:44:27Z | INFO | main.py:23 | Lifespan startup: Initializing DB...
2026-03-10/18:44:27Z | INFO | main.py:25 | Lifespan startup: DB Initialized.
2026-03-10/18:44:51Z | INFO | main.py:29 | Lifespan shutdown: Closing DB...
2026-03-10/18:44:51Z | INFO | main.py:31 | Lifespan shutdown: DB Closed.
2026-03-10/18:44:52Z | DEBUG | functional.py:335 | 
def rsave_log(data):
    return 1

2026-03-10/18:44:52Z | DEBUG | functional.py:335 | 
def save_log(data):
    return 1

2026-03-10/18:44:52Z | INFO | main.py:23 | Lifespan startup: Initializing DB...
2026-03-10/18:44:52Z | INFO | main.py:25 | Lifespan startup: DB Initialized.
2026-03-10/18:45:06Z | DEBUG | multipart.py:628 | Calling on_field_start with no data
2026-03-10/18:45:06Z | DEBUG | multipart.py:625 | Calling on_field_name with data[0:5]
2026-03-10/18:45:06Z | DEBUG | multipart.py:625 | Calling on_field_data with data[6:7]
2026-03-10/18:45:06Z | DEBUG | multipart.py:628 | Calling on_field_end with no data
2026-03-10/18:45:06Z | DEBUG | multipart.py:628 | Calling on_field_start with no data
2026-03-10/18:45:06Z | DEBUG | multipart.py:625 | Calling on_field_name with data[8:15]
2026-03-10/18:45:06Z | DEBUG | multipart.py:625 | Calling on_field_data with data[16:19]
2026-03-10/18:45:06Z | DEBUG | multipart.py:628 | Calling on_field_end with no data
2026-03-10/18:45:06Z | DEBUG | multipart.py:628 | Calling on_end with no data
2026-03-10/18:45:28Z | INFO | main.py:29 | Lifespan shutdown: Closing DB...
2026-03-10/18:45:28Z | INFO | main.py:31 | Lifespan shutdown: DB Closed.
2026-03-10/18:45:28Z | DEBUG | functional.py:335 | 
def rsave_log(data):
    return 1

2026-03-10/18:45:28Z | DEBUG | functional.py:335 | 
def save_log(data):
    return 1

2026-03-10/18:45:28Z | INFO | main.py:23 | Lifespan startup: Initializing DB...
2026-03-10/18:45:28Z | INFO | main.py:25 | Lifespan startup: DB Initialized.
2026-03-10/18:45:39Z | DEBUG | multipart.py:628 | Calling on_field_start with no data
2026-03-10/18:45:39Z | DEBUG | multipart.py:625 | Calling on_field_name with data[0:5]
2026-03-10/18:45:39Z | DEBUG | multipart.py:625 | Calling on_field_data with data[6:7]
2026-03-10/18:45:39Z | DEBUG | multipart.py:628 | Calling on_field_end with no data
2026-03-10/18:45:39Z | DEBUG | multipart.py:628 | Calling on_field_start with no data
2026-03-10/18:45:39Z | DEBUG | multipart.py:625 | Calling on_field_name with data[8:15]
2026-03-10/18:45:39Z | DEBUG | multipart.py:625 | Calling on_field_data with data[16:19]
2026-03-10/18:45:39Z | DEBUG | multipart.py:628 | Calling on_field_end with no data
2026-03-10/18:45:39Z | DEBUG | multipart.py:628 | Calling on_end with no data
2026-03-10/18:47:16Z | INFO | main.py:29 | Lifespan shutdown: Closing DB...
2026-03-10/18:47:16Z | INFO | main.py:31 | Lifespan shutdown: DB Closed.
2026-03-10/18:47:17Z | DEBUG | functional.py:335 | 
def rsave_log(data):
    return 1

2026-03-10/18:47:17Z | DEBUG | functional.py:335 | 
def save_log(data):
    return 1

2026-03-10/18:47:17Z | INFO | main.py:23 | Lifespan startup: Initializing DB...
2026-03-10/18:47:17Z | INFO | main.py:25 | Lifespan startup: DB Initialized.
2026-03-10/18:47:21Z | DEBUG | multipart.py:628 | Calling on_field_start with no data
2026-03-10/18:47:21Z | DEBUG | multipart.py:625 | Calling on_field_name with data[0:5]
2026-03-10/18:47:21Z | DEBUG | multipart.py:625 | Calling on_field_data with data[6:7]
2026-03-10/18:47:21Z | DEBUG | multipart.py:628 | Calling on_field_end with no data
2026-03-10/18:47:21Z | DEBUG | multipart.py:628 | Calling on_field_start with no data
2026-03-10/18:47:21Z | DEBUG | multipart.py:625 | Calling on_field_name with data[8:15]
2026-03-10/18:47:21Z | DEBUG | multipart.py:625 | Calling on_field_data with data[16:19]
2026-03-10/18:47:21Z | DEBUG | multipart.py:628 | Calling on_field_end with no data
2026-03-10/18:47:21Z | DEBUG | multipart.py:628 | Calling on_end with no data
2026-03-10/18:47:41Z | INFO | main.py:29 | Lifespan shutdown: Closing DB...
2026-03-10/18:47:41Z | INFO | main.py:31 | Lifespan shutdown: DB Closed.
2026-03-10/18:47:42Z | DEBUG | functional.py:335 | 
def rsave_log(data):
    return 1

2026-03-10/18:47:42Z | DEBUG | functional.py:335 | 
def save_log(data):
    return 1

2026-03-10/18:47:42Z | INFO | main.py:23 | Lifespan startup: Initializing DB...
2026-03-10/18:47:42Z | INFO | main.py:25 | Lifespan startup: DB Initialized.
2026-03-10/18:47:44Z | DEBUG | multipart.py:628 | Calling on_field_start with no data
2026-03-10/18:47:44Z | DEBUG | multipart.py:625 | Calling on_field_name with data[0:5]
2026-03-10/18:47:44Z | DEBUG | multipart.py:625 | Calling on_field_data with data[6:7]
2026-03-10/18:47:44Z | DEBUG | multipart.py:628 | Calling on_field_end with no data
2026-03-10/18:47:44Z | DEBUG | multipart.py:628 | Calling on_field_start with no data
2026-03-10/18:47:44Z | DEBUG | multipart.py:625 | Calling on_field_name with data[8:15]
2026-03-10/18:47:44Z | DEBUG | multipart.py:625 | Calling on_field_data with data[16:19]
2026-03-10/18:47:44Z | DEBUG | multipart.py:628 | Calling on_field_end with no data
2026-03-10/18:47:44Z | DEBUG | multipart.py:628 | Calling on_end with no data
2026-03-10/18:48:00Z | INFO | main.py:29 | Lifespan shutdown: Closing DB...
2026-03-10/18:48:00Z | INFO | main.py:31 | Lifespan shutdown: DB Closed.
2026-03-10/18:48:01Z | DEBUG | functional.py:335 | 
def rsave_log(data):
    return 1

2026-03-10/18:48:01Z | DEBUG | functional.py:335 | 
def save_log(data):
    return 1

2026-03-10/18:48:01Z | INFO | main.py:23 | Lifespan startup: Initializing DB...
2026-03-10/18:48:01Z | INFO | main.py:25 | Lifespan startup: DB Initialized.
2026-03-10/18:48:22Z | INFO | main.py:29 | Lifespan shutdown: Closing DB...
2026-03-10/18:48:22Z | INFO | main.py:31 | Lifespan shutdown: DB Closed.
2026-03-10/18:48:22Z | DEBUG | functional.py:335 | 
def rsave_log(data):
    return 1

2026-03-10/18:48:23Z | DEBUG | functional.py:335 | 
def save_log(data):
    return 1

2026-03-10/18:48:22Z | INFO | main.py:23 | Lifespan startup: Initializing DB...
2026-03-10/18:48:23Z | INFO | main.py:25 | Lifespan startup: DB Initialized.
2026-03-10/18:48:33Z | INFO | main.py:29 | Lifespan shutdown: Closing DB...
2026-03-10/18:48:33Z | INFO | main.py:31 | Lifespan shutdown: DB Closed.
2026-03-10/18:48:34Z | DEBUG | functional.py:335 | 
def rsave_log(data):
    return 1

2026-03-10/18:48:34Z | DEBUG | functional.py:335 | 
def save_log(data):
    return 1

2026-03-10/18:48:34Z | INFO | main.py:23 | Lifespan startup: Initializing DB...
2026-03-10/18:48:34Z | INFO | main.py:25 | Lifespan startup: DB Initialized.
2026-03-10/18:48:37Z | DEBUG | multipart.py:628 | Calling on_field_start with no data
2026-03-10/18:48:37Z | DEBUG | multipart.py:625 | Calling on_field_name with data[0:5]
2026-03-10/18:48:37Z | DEBUG | multipart.py:625 | Calling on_field_data with data[6:7]
2026-03-10/18:48:37Z | DEBUG | multipart.py:628 | Calling on_field_end with no data
2026-03-10/18:48:37Z | DEBUG | multipart.py:628 | Calling on_field_start with no data
2026-03-10/18:48:37Z | DEBUG | multipart.py:625 | Calling on_field_name with data[8:15]
2026-03-10/18:48:37Z | DEBUG | multipart.py:625 | Calling on_field_data with data[16:19]
2026-03-10/18:48:37Z | DEBUG | multipart.py:628 | Calling on_field_end with no data
2026-03-10/18:48:37Z | DEBUG | multipart.py:628 | Calling on_end with no data
2026-03-10/18:48:37Z | ERROR | admin.py:40 | Failed to read logs: message
2026-03-10/18:50:46Z | INFO | main.py:29 | Lifespan shutdown: Closing DB...
2026-03-10/18:50:46Z | INFO | main.py:31 | Lifespan shutdown: DB Closed.
2026-03-10/18:50:47Z | DEBUG | functional.py:335 | 
def rsave_log(data):
    return 1

2026-03-10/18:50:47Z | DEBUG | functional.py:335 | 
def save_log(data):
    return 1

2026-03-10/18:50:47Z | INFO | main.py:23 | Lifespan startup: Initializing DB...
2026-03-10/18:50:47Z | INFO | main.py:25 | Lifespan startup: DB Initialized.
2026-03-10/18:50:54Z | DEBUG | multipart.py:628 | Calling on_field_start with no data
2026-03-10/18:50:54Z | DEBUG | multipart.py:625 | Calling on_field_name with data[0:5]
2026-03-10/18:50:54Z | DEBUG | multipart.py:625 | Calling on_field_data with data[6:7]
2026-03-10/18:50:54Z | DEBUG | multipart.py:628 | Calling on_field_end with no data
2026-03-10/18:50:54Z | DEBUG | multipart.py:628 | Calling on_field_start with no data
2026-03-10/18:50:54Z | DEBUG | multipart.py:625 | Calling on_field_name with data[8:15]
2026-03-10/18:50:54Z | DEBUG | multipart.py:625 | Calling on_field_data with data[16:19]
2026-03-10/18:50:54Z | DEBUG | multipart.py:628 | Calling on_field_end with no data
2026-03-10/18:50:54Z | DEBUG | multipart.py:628 | Calling on_end with no data
2026-03-10/18:50:54Z | ERROR | admin.py:40 | Failed to read logs: message
2026-03-10/18:51:24Z | INFO | main.py:29 | Lifespan shutdown: Closing DB...
2026-03-10/18:51:24Z | INFO | main.py:31 | Lifespan shutdown: DB Closed.
2026-03-10/18:51:25Z | DEBUG | functional.py:335 | 
def rsave_log(data):
    return 1

2026-03-10/18:51:25Z | DEBUG | functional.py:335 | 
def save_log(data):
    return 1

2026-03-10/18:51:25Z | INFO | main.py:23 | Lifespan startup: Initializing DB...
2026-03-10/18:51:25Z | INFO | main.py:25 | Lifespan startup: DB Initialized.
2026-03-10/18:51:59Z | INFO | main.py:29 | Lifespan shutdown: Closing DB...
2026-03-10/18:51:59Z | INFO | main.py:31 | Lifespan shutdown: DB Closed.
2026-03-10/18:52:00Z | DEBUG | functional.py:335 | 
def rsave_log(data):
    return 1

2026-03-10/18:52:00Z | DEBUG | functional.py:335 | 
def save_log(data):
    return 1

2026-03-10/18:52:00Z | INFO | main.py:23 | Lifespan startup: Initializing DB...
2026-03-10/18:52:00Z | INFO | main.py:25 | Lifespan startup: DB Initialized.
2026-03-10/18:52:02Z | DEBUG | multipart.py:628 | Calling on_field_start with no data
2026-03-10/18:52:02Z | DEBUG | multipart.py:625 | Calling on_field_name with data[0:5]
2026-03-10/18:52:02Z | DEBUG | multipart.py:625 | Calling on_field_data with data[6:7]
2026-03-10/18:52:02Z | DEBUG | multipart.py:628 | Calling on_field_end with no data
2026-03-10/18:52:02Z | DEBUG | multipart.py:628 | Calling on_field_start with no data
2026-03-10/18:52:02Z | DEBUG | multipart.py:625 | Calling on_field_name with data[8:15]
2026-03-10/18:52:02Z | DEBUG | multipart.py:625 | Calling on_field_data with data[16:19]
2026-03-10/18:52:02Z | DEBUG | multipart.py:628 | Calling on_field_end with no data
2026-03-10/18:52:02Z | DEBUG | multipart.py:628 | Calling on_end with no data
2026-03-10/18:52:02Z | ERROR | admin.py:40 | Failed to read logs: Neither 'InstrumentedAttribute' object nor 'Comparator' object associated with Log.final_message has an attribute 'rfind'
2026-03-10/18:52:35Z | INFO | main.py:29 | Lifespan shutdown: Closing DB...
2026-03-10/18:52:35Z | INFO | main.py:31 | Lifespan shutdown: DB Closed.
2026-03-10/18:52:36Z | DEBUG | functional.py:335 | 
def rsave_log(data):
    return 1

2026-03-10/18:52:36Z | DEBUG | functional.py:335 | 
def save_log(data):
    return 1

2026-03-10/18:52:36Z | INFO | main.py:23 | Lifespan startup: Initializing DB...
2026-03-10/18:52:36Z | INFO | main.py:25 | Lifespan startup: DB Initialized.
2026-03-10/18:52:38Z | DEBUG | multipart.py:628 | Calling on_field_start with no data
2026-03-10/18:52:38Z | DEBUG | multipart.py:625 | Calling on_field_name with data[0:5]
2026-03-10/18:52:38Z | DEBUG | multipart.py:625 | Calling on_field_data with data[6:7]
2026-03-10/18:52:38Z | DEBUG | multipart.py:628 | Calling on_field_end with no data
2026-03-10/18:52:38Z | DEBUG | multipart.py:628 | Calling on_field_start with no data
2026-03-10/18:52:38Z | DEBUG | multipart.py:625 | Calling on_field_name with data[8:15]
2026-03-10/18:52:38Z | DEBUG | multipart.py:625 | Calling on_field_data with data[16:19]
2026-03-10/18:52:38Z | DEBUG | multipart.py:628 | Calling on_field_end with no data
2026-03-10/18:52:38Z | DEBUG | multipart.py:628 | Calling on_end with no data
2026-03-10/18:52:44Z | INFO | main.py:29 | Lifespan shutdown: Closing DB...
2026-03-10/18:52:44Z | INFO | main.py:31 | Lifespan shutdown: DB Closed.
2026-03-10/18:52:45Z | DEBUG | functional.py:335 | 
def rsave_log(data):
    return 1

2026-03-10/18:52:45Z | DEBUG | functional.py:335 | 
def save_log(data):
    return 1

2026-03-10/18:52:45Z | INFO | main.py:23 | Lifespan startup: Initializing DB...
2026-03-10/18:52:45Z | INFO | main.py:25 | Lifespan startup: DB Initialized.
2026-03-10/18:53:05Z | DEBUG | multipart.py:628 | Calling on_field_start with no data
2026-03-10/18:53:05Z | DEBUG | multipart.py:625 | Calling on_field_name with data[0:5]
2026-03-10/18:53:05Z | DEBUG | multipart.py:625 | Calling on_field_data with data[6:7]
2026-03-10/18:53:05Z | DEBUG | multipart.py:628 | Calling on_field_end with no data
2026-03-10/18:53:05Z | DEBUG | multipart.py:628 | Calling on_field_start with no data
2026-03-10/18:53:05Z | DEBUG | multipart.py:625 | Calling on_field_name with data[8:15]
2026-03-10/18:53:05Z | DEBUG | multipart.py:628 | Calling on_field_end with no data
2026-03-10/18:53:05Z | DEBUG | multipart.py:628 | Calling on_end with no data
2026-03-10/18:53:09Z | DEBUG | multipart.py:628 | Calling on_field_start with no data
2026-03-10/18:53:09Z | DEBUG | multipart.py:625 | Calling on_field_name with data[0:5]
2026-03-10/18:53:09Z | DEBUG | multipart.py:625 | Calling on_field_data with data[6:7]
2026-03-10/18:53:09Z | DEBUG | multipart.py:628 | Calling on_field_end with no data
2026-03-10/18:53:09Z | DEBUG | multipart.py:628 | Calling on_field_start with no data
2026-03-10/18:53:09Z | DEBUG | multipart.py:625 | Calling on_field_name with data[8:15]
2026-03-10/18:53:09Z | DEBUG | multipart.py:625 | Calling on_field_data with data[16:24]
2026-03-10/18:53:09Z | DEBUG | multipart.py:628 | Calling on_field_end with no data
2026-03-10/18:53:09Z | DEBUG | multipart.py:628 | Calling on_end with no data
2026-03-10/18:53:28Z | DEBUG | multipart.py:628 | Calling on_field_start with no data
2026-03-10/18:53:28Z | DEBUG | multipart.py:625 | Calling on_field_name with data[0:5]
2026-03-10/18:53:28Z | DEBUG | multipart.py:625 | Calling on_field_data with data[6:7]
2026-03-10/18:53:28Z | DEBUG | multipart.py:628 | Calling on_field_end with no data
2026-03-10/18:53:28Z | DEBUG | multipart.py:628 | Calling on_field_start with no data
2026-03-10/18:53:28Z | DEBUG | multipart.py:625 | Calling on_field_name with data[8:15]
2026-03-10/18:53:28Z | DEBUG | multipart.py:625 | Calling on_field_data with data[16:42]
2026-03-10/18:53:28Z | DEBUG | multipart.py:628 | Calling on_field_end with no data
2026-03-10/18:53:28Z | DEBUG | multipart.py:628 | Calling on_end with no data
2026-03-10/18:53:55Z | INFO | main.py:29 | Lifespan shutdown: Closing DB...
2026-03-10/18:53:55Z | INFO | main.py:31 | Lifespan shutdown: DB Closed.
2026-03-10/18:53:55Z | DEBUG | functional.py:335 | 
def rsave_log(data):
    return 1

2026-03-10/18:53:56Z | DEBUG | functional.py:335 | 
def save_log(data):
    return 1

2026-03-10/18:53:55Z | INFO | main.py:23 | Lifespan startup: Initializing DB...
2026-03-10/18:53:56Z | INFO | main.py:25 | Lifespan startup: DB Initialized.
2026-03-10/18:53:58Z | DEBUG | multipart.py:628 | Calling on_field_start with no data
2026-03-10/18:53:58Z | DEBUG | multipart.py:625 | Calling on_field_name with data[0:5]
2026-03-10/18:53:58Z | DEBUG | multipart.py:625 | Calling on_field_data with data[6:7]
2026-03-10/18:53:58Z | DEBUG | multipart.py:628 | Calling on_field_end with no data
2026-03-10/18:53:58Z | DEBUG | multipart.py:628 | Calling on_field_start with no data
2026-03-10/18:53:58Z | DEBUG | multipart.py:625 | Calling on_field_name with data[8:15]
2026-03-10/18:53:58Z | DEBUG | multipart.py:625 | Calling on_field_data with data[16:42]
2026-03-10/18:53:58Z | DEBUG | multipart.py:628 | Calling on_field_end with no data
2026-03-10/18:53:58Z | DEBUG | multipart.py:628 | Calling on_end with no data
2026-03-10/18:54:18Z | DEBUG | multipart.py:628 | Calling on_field_start with no data
2026-03-10/18:54:18Z | DEBUG | multipart.py:625 | Calling on_field_name with data[0:5]
2026-03-10/18:54:18Z | DEBUG | multipart.py:625 | Calling on_field_data with data[6:7]
2026-03-10/18:54:18Z | DEBUG | multipart.py:628 | Calling on_field_end with no data
2026-03-10/18:54:18Z | DEBUG | multipart.py:628 | Calling on_field_start with no data
2026-03-10/18:54:18Z | DEBUG | multipart.py:625 | Calling on_field_name with data[8:15]
2026-03-10/18:54:18Z | DEBUG | multipart.py:625 | Calling on_field_data with data[16:24]
2026-03-10/18:54:18Z | DEBUG | multipart.py:628 | Calling on_field_end with no data
2026-03-10/18:54:18Z | DEBUG | multipart.py:628 | Calling on_end with no data
2026-03-10/18:54:28Z | DEBUG | multipart.py:628 | Calling on_field_start with no data
2026-03-10/18:54:28Z | DEBUG | multipart.py:625 | Calling on_field_name with data[0:5]
2026-03-10/18:54:28Z | DEBUG | multipart.py:625 | Calling on_field_data with data[6:7]
2026-03-10/18:54:28Z | DEBUG | multipart.py:628 | Calling on_field_end with no data
2026-03-10/18:54:28Z | DEBUG | multipart.py:628 | Calling on_field_start with no data
2026-03-10/18:54:28Z | DEBUG | multipart.py:625 | Calling on_field_name with data[8:15]
2026-03-10/18:54:28Z | DEBUG | multipart.py:628 | Calling on_field_end with no data
2026-03-10/18:54:28Z | DEBUG | multipart.py:628 | Calling on_end with no data
